#
# A fatal error has been detected by the Java Runtime Environment:
#
#  EXCEPTION_ACCESS_VIOLATION (0xc0000005) at pc=0x5ca90c10, pid=4696, tid=3864
#
# JRE version: 7.0_09-b05
# Java VM: Java HotSpot(TM) Client VM (23.5-b02 mixed mode windows-x86 )
# Problematic frame:
# V  [jvm.dll+0x20c10]
#
# Failed to write core dump. Minidumps are not enabled by default on client versions of Windows
#
# If you would like to submit a bug report, please visit:
#   http://bugreport.sun.com/bugreport/crash.jsp
#

---------------  T H R E A D  ---------------

Current thread (0x17c30400):  JavaThread "JDWP Transport Listener: dt_shmem" daemon [_thread_in_vm, id=3864, stack(0x17e00000,0x17e50000)]

siginfo: ExceptionCode=0xc0000005, reading address 0x00000008

Registers:
EAX=0x03e26538, EBX=0x03e26538, ECX=0x00000000, EDX=0x00000000
ESP=0x17e4f790, EBP=0x17e4f794, ESI=0x00000000, EDI=0x17c30400
EIP=0x5ca90c10, EFLAGS=0x00010246

Top of Stack: (sp=0x17e4f790)
0x17e4f790:   17c30528 17e4f7bc 5cb164d3 03e26538
0x17e4f7a0:   17c30528 7054e174 7054e15c 17c30400
0x17e4f7b0:   00000000 17c30528 17e4f880 7054e99c
0x17e4f7c0:   705363b2 17c30528 188ba988 00000000
0x17e4f7d0:   17e4f7f4 17e4f880 18783f50 17e4f830
0x17e4f7e0:   188ba988 17e4f800 7053bd12 17e4f800
0x17e4f7f0:   17e4f834 7054e890 72236008 70552c68
0x17e4f800:   18870258 0000000b 00000000 00000013 

Instructions: (pc=0x5ca90c10)
0x5ca90bf0:   8b 0d 38 1d d7 5c 85 c9 7e 05 8b 0c 01 eb 02 33
0x5ca90c00:   c9 8b 15 3c 1d d7 5c 85 d2 7e 05 8b 04 02 eb 03
0x5ca90c10:   8b 46 08 85 c0 75 0f 33 c9 50 51 e8 c0 cb 14 00
0x5ca90c20:   83 c4 08 5e 5d c3 8d 4c 4e 0c 50 51 e8 af cb 14 


Register to memory mapping:

EAX=
[error occurred during error reporting (printing register info), id 0xc0000005]

Stack: [0x17e00000,0x17e50000],  sp=0x17e4f790,  free space=317k
Native frames: (J=compiled Java code, j=interpreted, Vv=VM code, C=native code)
V  [jvm.dll+0x20c10]
V  [jvm.dll+0xa64d3]


---------------  P R O C E S S  ---------------

Java Threads: ( => current thread )
  0x18896c00 JavaThread "TimerQueue" daemon [_thread_blocked, id=1560, stack(0x19790000,0x197e0000)]
  0x18790400 JavaThread "org.netbeans.modules.debugger.jpda.visual AWT Access Loop" daemon [_thread_blocked, id=5308, stack(0x18bd0000,0x18c20000)]
  0x0045ac00 JavaThread "DestroyJavaVM" [_thread_blocked, id=5996, stack(0x00cb0000,0x00d00000)]
  0x18787000 JavaThread "AWT-EventQueue-0" [_thread_blocked, id=1672, stack(0x18510000,0x18560000)]
  0x17d25800 JavaThread "AWT-Windows" daemon [_thread_in_native, id=6064, stack(0x18580000,0x185d0000)]
  0x17d24c00 JavaThread "AWT-Shutdown" [_thread_blocked, id=4420, stack(0x18430000,0x18480000)]
  0x17d23400 JavaThread "Java2D Disposer" daemon [_thread_blocked, id=2556, stack(0x18480000,0x184d0000)]
  0x17c4f400 JavaThread "Service Thread" daemon [_thread_blocked, id=452, stack(0x00f30000,0x00f80000)]
  0x17c4cc00 JavaThread "C1 CompilerThread0" daemon [_thread_blocked, id=2092, stack(0x18280000,0x182d0000)]
  0x17c3bc00 JavaThread "JDWP Command Reader" daemon [_thread_in_native, id=6124, stack(0x180e0000,0x18130000)]
  0x17c3a800 JavaThread "JDWP Event Helper Thread" daemon [_thread_blocked, id=4076, stack(0x181f0000,0x18240000)]
=>0x17c30400 JavaThread "JDWP Transport Listener: dt_shmem" daemon [_thread_in_vm, id=3864, stack(0x17e00000,0x17e50000)]
  0x17c2ac00 JavaThread "Attach Listener" daemon [_thread_blocked, id=2624, stack(0x17e60000,0x17eb0000)]
  0x17c27c00 JavaThread "Signal Dispatcher" daemon [_thread_blocked, id=2076, stack(0x18070000,0x180c0000)]
  0x17bcf400 JavaThread "Finalizer" daemon [_thread_blocked, id=2388, stack(0x17ff0000,0x18040000)]
  0x17bca400 JavaThread "Reference Handler" daemon [_thread_blocked, id=6128, stack(0x17f00000,0x17f50000)]

Other Threads:
  0x17bc5000 VMThread [stack: 0x17f90000,0x17fe0000] [id=3752]
  0x17c62400 WatcherThread [stack: 0x18310000,0x18360000] [id=3280]

VM state:not at safepoint (normal execution)

VM Mutex/Monitor currently owned by a thread: None

Heap
 def new generation   total 4928K, used 2642K [0x03bc0000, 0x04110000, 0x09110000)
  eden space 4416K,  56% used [0x03bc0000, 0x03e2aee8, 0x04010000)
  from space 512K,  32% used [0x04010000, 0x04039980, 0x04090000)
  to   space 512K,   0% used [0x04090000, 0x04090000, 0x04110000)
 tenured generation   total 10944K, used 4181K [0x09110000, 0x09bc0000, 0x13bc0000)
   the space 10944K,  38% used [0x09110000, 0x09525690, 0x09525800, 0x09bc0000)
 compacting perm gen  total 12288K, used 7886K [0x13bc0000, 0x147c0000, 0x17bc0000)
   the space 12288K,  64% used [0x13bc0000, 0x14373b98, 0x14373c00, 0x147c0000)
No shared spaces configured.

Card table byte_map: [0x00e80000,0x00f30000] byte_map_base: 0x00e62200

Polling page: 0x00140000

Code Cache  [0x01bc0000, 0x01cc0000, 0x03bc0000)
 total_blobs=511 nmethods=299 adapters=155 free_code_cache=31769Kb largest_free_block=32531520

Compilation events (10 events):
Event: 6.940 Thread 0x17c4cc00  296             java.awt.GraphicsEnvironment::isHeadless (4 bytes)
Event: 6.940 Thread 0x17c4cc00 nmethod 296 0x01cb7708 code [0x01cb7810, 0x01cb78ec]
Event: 6.940 Thread 0x17c4cc00  297             java.awt.GraphicsEnvironment::getHeadlessProperty (24 bytes)
Event: 6.940 Thread 0x17c4cc00 nmethod 297 0x01cb79c8 code [0x01cb7ad0, 0x01cb7bac]
Event: 7.020 Thread 0x17c4cc00  298             java.awt.geom.Point2D::<init> (5 bytes)
Event: 7.020 Thread 0x17c4cc00 nmethod 298 0x01cb7c48 code [0x01cb7d40, 0x01cb7dc0]
Event: 7.175 Thread 0x17c4cc00  299             java.lang.Math::round (19 bytes)
Event: 7.175 Thread 0x17c4cc00 nmethod 299 0x01cb7e08 code [0x01cb7f30, 0x01cb803c]
Event: 7.175 Thread 0x17c4cc00  300             sun.java2d.pipe.AlphaPaintPipe::renderPathTile (491 bytes)
Event: 7.176 Thread 0x17c4cc00 nmethod 300 0x01cb80c8 code [0x01cb82b0, 0x01cb8c08]

GC Heap History (8 events):
Event: 1.763 GC heap before
{Heap before GC invocations=0 (full 0):
 def new generation   total 4928K, used 4416K [0x03bc0000, 0x04110000, 0x09110000)
  eden space 4416K, 100% used [0x03bc0000, 0x04010000, 0x04010000)
  from space 512K,   0% used [0x04010000, 0x04010000, 0x04090000)
  to   space 512K,   0% used [0x04090000, 0x04090000, 0x04110000)
 tenured generation   total 10944K, used 0K [0x09110000, 0x09bc0000, 0x13bc0000)
   the space 10944K,   0% used [0x09110000, 0x09110000, 0x09110200, 0x09bc0000)
 compacting perm gen  total 12288K, used 6784K [0x13bc0000, 0x147c0000, 0x17bc0000)
   the space 12288K,  55% used [0x13bc0000, 0x14260088, 0x14260200, 0x147c0000)
No shared spaces configured.
Event: 1.769 GC heap after
Heap after GC invocations=1 (full 0):
 def new generation   total 4928K, used 512K [0x03bc0000, 0x04110000, 0x09110000)
  eden space 4416K,   0% used [0x03bc0000, 0x03bc0000, 0x04010000)
  from space 512K, 100% used [0x04090000, 0x04110000, 0x04110000)
  to   space 512K,   0% used [0x04010000, 0x04010000, 0x04090000)
 tenured generation   total 10944K, used 1444K [0x09110000, 0x09bc0000, 0x13bc0000)
   the space 10944K,  13% used [0x09110000, 0x092790b8, 0x09279200, 0x09bc0000)
 compacting perm gen  total 12288K, used 6784K [0x13bc0000, 0x147c0000, 0x17bc0000)
   the space 12288K,  55% used [0x13bc0000, 0x14260088, 0x14260200, 0x147c0000)
No shared spaces configured.
}
Event: 1.824 GC heap before
{Heap before GC invocations=1 (full 0):
 def new generation   total 4928K, used 4928K [0x03bc0000, 0x04110000, 0x09110000)
  eden space 4416K, 100% used [0x03bc0000, 0x04010000, 0x04010000)
  from space 512K, 100% used [0x04090000, 0x04110000, 0x04110000)
  to   space 512K,   0% used [0x04010000, 0x04010000, 0x04090000)
 tenured generation   total 10944K, used 1444K [0x09110000, 0x09bc0000, 0x13bc0000)
   the space 10944K,  13% used [0x09110000, 0x092790b8, 0x09279200, 0x09bc0000)
 compacting perm gen  total 12288K, used 7679K [0x13bc0000, 0x147c0000, 0x17bc0000)
   the space 12288K,  62% used [0x13bc0000, 0x1433fea8, 0x14340000, 0x147c0000)
No shared spaces configured.
Event: 1.829 GC heap after
Heap after GC invocations=2 (full 0):
 def new generation   total 4928K, used 236K [0x03bc0000, 0x04110000, 0x09110000)
  eden space 4416K,   0% used [0x03bc0000, 0x03bc0000, 0x04010000)
  from space 512K,  46% used [0x04010000, 0x0404b388, 0x04090000)
  to   space 512K,   0% used [0x04090000, 0x04090000, 0x04110000)
 tenured generation   total 10944K, used 1956K [0x09110000, 0x09bc0000, 0x13bc0000)
   the space 10944K,  17% used [0x09110000, 0x092f9010, 0x092f9200, 0x09bc0000)
 compacting perm gen  total 12288K, used 7679K [0x13bc0000, 0x147c0000, 0x17bc0000)
   the space 12288K,  62% used [0x13bc0000, 0x1433fea8, 0x14340000, 0x147c0000)
No shared spaces configured.
}
Event: 1.925 GC heap before
{Heap before GC invocations=2 (full 0):
 def new generation   total 4928K, used 4652K [0x03bc0000, 0x04110000, 0x09110000)
  eden space 4416K, 100% used [0x03bc0000, 0x04010000, 0x04010000)
  from space 512K,  46% used [0x04010000, 0x0404b388, 0x04090000)
  to   space 512K,   0% used [0x04090000, 0x04090000, 0x04110000)
 tenured generation   total 10944K, used 1956K [0x09110000, 0x09bc0000, 0x13bc0000)
   the space 10944K,  17% used [0x09110000, 0x092f9010, 0x092f9200, 0x09bc0000)
 compacting perm gen  total 12288K, used 7712K [0x13bc0000, 0x147c0000, 0x17bc0000)
   the space 12288K,  62% used [0x13bc0000, 0x14348360, 0x14348400, 0x147c0000)
No shared spaces configured.
Event: 1.929 GC heap after
Heap after GC invocations=3 (full 0):
 def new generation   total 4928K, used 275K [0x03bc0000, 0x04110000, 0x09110000)
  eden space 4416K,   0% used [0x03bc0000, 0x03bc0000, 0x04010000)
  from space 512K,  53% used [0x04090000, 0x040d4cf0, 0x04110000)
  to   space 512K,   0% used [0x04010000, 0x04010000, 0x04090000)
 tenured generation   total 10944K, used 1956K [0x09110000, 0x09bc0000, 0x13bc0000)
   the space 10944K,  17% used [0x09110000, 0x092f9010, 0x092f9200, 0x09bc0000)
 compacting perm gen  total 12288K, used 7712K [0x13bc0000, 0x147c0000, 0x17bc0000)
   the space 12288K,  62% used [0x13bc0000, 0x14348360, 0x14348400, 0x147c0000)
No shared spaces configured.
}
Event: 2.236 GC heap before
{Heap before GC invocations=3 (full 0):
 def new generation   total 4928K, used 4691K [0x03bc0000, 0x04110000, 0x09110000)
  eden space 4416K, 100% used [0x03bc0000, 0x04010000, 0x04010000)
  from space 512K,  53% used [0x04090000, 0x040d4cf0, 0x04110000)
  to   space 512K,   0% used [0x04010000, 0x04010000, 0x04090000)
 tenured generation   total 10944K, used 1956K [0x09110000, 0x09bc0000, 0x13bc0000)
   the space 10944K,  17% used [0x09110000, 0x092f9010, 0x092f9200, 0x09bc0000)
 compacting perm gen  total 12288K, used 7858K [0x13bc0000, 0x147c0000, 0x17bc0000)
   the space 12288K,  63% used [0x13bc0000, 0x1436ca08, 0x1436cc00, 0x147c0000)
No shared spaces configured.
Event: 2.239 GC heap after
Heap after GC invocations=4 (full 0):
 def new generation   total 4928K, used 166K [0x03bc0000, 0x04110000, 0x09110000)
  eden space 4416K,   0% used [0x03bc0000, 0x03bc0000, 0x04010000)
  from space 512K,  32% used [0x04010000, 0x04039980, 0x04090000)
  to   space 512K,   0% used [0x04090000, 0x04090000, 0x04110000)
 tenured generation   total 10944K, used 4181K [0x09110000, 0x09bc0000, 0x13bc0000)
   the space 10944K,  38% used [0x09110000, 0x09525690, 0x09525800, 0x09bc0000)
 compacting perm gen  total 12288K, used 7858K [0x13bc0000, 0x147c0000, 0x17bc0000)
   the space 12288K,  63% used [0x13bc0000, 0x1436ca08, 0x1436cc00, 0x147c0000)
No shared spaces configured.
}

Deoptimization events (0 events):
No events

Internal exceptions (10 events):
Event: 0.333 Thread 0x18787000 Threw 0x03ee5358 at C:\jdk7u1_32P\jdk7u9_3984_new\hotspot\src\share\vm\prims\jvm.cpp:1166
Event: 1.756 Thread 0x18787000 Threw 0x04005e28 at C:\jdk7u1_32P\jdk7u9_3984_new\hotspot\src\share\vm\prims\jvm.cpp:1166
Event: 1.814 Thread 0x18787000 Threw 0x03fa2348 at C:\jdk7u1_32P\jdk7u9_3984_new\hotspot\src\share\vm\prims\jvm.cpp:1166
Event: 1.820 Thread 0x18787000 Threw 0x03fd1ca8 at C:\jdk7u1_32P\jdk7u9_3984_new\hotspot\src\share\vm\prims\jvm.cpp:1166
Event: 1.821 Thread 0x18787000 Threw 0x03fd3600 at C:\jdk7u1_32P\jdk7u9_3984_new\hotspot\src\share\vm\prims\jvm.cpp:1166
Event: 1.821 Thread 0x18787000 Threw 0x03fd4f98 at C:\jdk7u1_32P\jdk7u9_3984_new\hotspot\src\share\vm\prims\jvm.cpp:1166
Event: 1.822 Thread 0x18787000 Threw 0x03fd6900 at C:\jdk7u1_32P\jdk7u9_3984_new\hotspot\src\share\vm\prims\jvm.cpp:1166
Event: 1.822 Thread 0x18787000 Threw 0x03fd8250 at C:\jdk7u1_32P\jdk7u9_3984_new\hotspot\src\share\vm\prims\jvm.cpp:1166
Event: 1.823 Thread 0x18787000 Threw 0x03fd9ec0 at C:\jdk7u1_32P\jdk7u9_3984_new\hotspot\src\share\vm\prims\jvm.cpp:1166
Event: 11.468 Thread 0x18787000 Threw 0x03e242a8 at C:\jdk7u1_32P\jdk7u9_3984_new\hotspot\src\share\vm\prims\jvm.cpp:1166

Events (10 events):
Event: 61.539 Executing VM operation: ChangeSingleStep
Event: 61.539 Executing VM operation: ChangeSingleStep done
Event: 61.793 Executing VM operation: GetOrSetLocal
Event: 61.793 Executing VM operation: GetOrSetLocal done
Event: 61.793 Executing VM operation: GetOrSetLocal
Event: 61.794 Executing VM operation: GetOrSetLocal done
Event: 61.794 Executing VM operation: GetOrSetLocal
Event: 61.794 Executing VM operation: GetOrSetLocal done
Event: 61.794 Executing VM operation: GetOrSetLocal
Event: 61.794 Executing VM operation: GetOrSetLocal done


Dynamic libraries:
0x00f80000 - 0x00faf000 	C:\Program Files\Java\jdk1.7.0_09\bin\java.exe
0x77cb0000 - 0x77dec000 	C:\Windows\SYSTEM32\ntdll.dll
0x76810000 - 0x768e4000 	C:\Windows\system32\kernel32.dll
0x75ec0000 - 0x75f0b000 	C:\Windows\system32\KERNELBASE.dll
0x75db0000 - 0x75e21000 	C:\Windows\System32\SYSFER.DLL
0x768f0000 - 0x76990000 	C:\Windows\system32\ADVAPI32.dll
0x76140000 - 0x761ec000 	C:\Windows\system32\msvcrt.dll
0x76c70000 - 0x76c89000 	C:\Windows\SYSTEM32\sechost.dll
0x76b10000 - 0x76bb1000 	C:\Windows\system32\RPCRT4.dll
0x76e30000 - 0x76ef9000 	C:\Windows\system32\USER32.dll
0x764a0000 - 0x764ee000 	C:\Windows\system32\GDI32.dll
0x763b0000 - 0x763ba000 	C:\Windows\system32\LPK.dll
0x76bc0000 - 0x76c5d000 	C:\Windows\system32\USP10.dll
0x74d30000 - 0x74ece000 	C:\Windows\WinSxS\x86_microsoft.windows.common-controls_6595b64144ccf1df_6.0.7601.17514_none_41e6975e2bd6f2b2\COMCTL32.dll
0x76ab0000 - 0x76b07000 	C:\Windows\system32\SHLWAPI.dll
0x75cc0000 - 0x75d0c000 	C:\Windows\system32\apphelp.dll
0x6d360000 - 0x6d3ed000 	C:\Windows\AppPatch\AcLayers.DLL
0x75ca0000 - 0x75cbb000 	C:\Windows\system32\SspiCli.dll
0x76f00000 - 0x77b4a000 	C:\Windows\system32\SHELL32.dll
0x77b50000 - 0x77cac000 	C:\Windows\system32\ole32.dll
0x766f0000 - 0x7677f000 	C:\Windows\system32\OLEAUT32.dll
0x75400000 - 0x75417000 	C:\Windows\system32\USERENV.dll
0x75e40000 - 0x75e4b000 	C:\Windows\system32\profapi.dll
0x731f0000 - 0x73241000 	C:\Windows\system32\WINSPOOL.DRV
0x732e0000 - 0x732f2000 	C:\Windows\system32\MPR.dll
0x77e80000 - 0x77e9f000 	C:\Windows\system32\IMM32.DLL
0x763d0000 - 0x7649c000 	C:\Windows\system32\MSCTF.dll
0x5fa10000 - 0x5face000 	C:\Program Files\Java\jdk1.7.0_09\jre\bin\msvcr100.dll
0x5ca70000 - 0x5cdbd000 	C:\Program Files\Java\jdk1.7.0_09\jre\bin\client\jvm.dll
0x72f30000 - 0x72f37000 	C:\Windows\system32\WSOCK32.dll
0x77ea0000 - 0x77ed5000 	C:\Windows\system32\WS2_32.dll
0x76c60000 - 0x76c66000 	C:\Windows\system32\NSI.dll
0x73b00000 - 0x73b32000 	C:\Windows\system32\WINMM.dll
0x76780000 - 0x76785000 	C:\Windows\system32\PSAPI.DLL
0x663a0000 - 0x663ac000 	C:\Program Files\Java\jdk1.7.0_09\jre\bin\verify.dll
0x5f9b0000 - 0x5f9d0000 	C:\Program Files\Java\jdk1.7.0_09\jre\bin\java.dll
0x70530000 - 0x7055a000 	C:\Program Files\Java\jdk1.7.0_09\jre\bin\jdwp.dll
0x72250000 - 0x72257000 	C:\Program Files\Java\jdk1.7.0_09\jre\bin\npt.dll
0x5f990000 - 0x5f9a3000 	C:\Program Files\Java\jdk1.7.0_09\jre\bin\zip.dll
0x72230000 - 0x72239000 	C:\Program Files\Java\jdk1.7.0_09\jre\bin\dt_shmem.dll
0x5c920000 - 0x5ca62000 	C:\Program Files\Java\jdk1.7.0_09\jre\bin\awt.dll
0x74cf0000 - 0x74d30000 	C:\Windows\system32\uxtheme.dll
0x74890000 - 0x748a3000 	C:\Windows\system32\dwmapi.dll
0x75d10000 - 0x75d1c000 	C:\Windows\system32\CRYPTBASE.dll
0x5c8f0000 - 0x5c91a000 	C:\Program Files\Java\jdk1.7.0_09\jre\bin\fontmanager.dll
0x5f6d0000 - 0x5f6e4000 	C:\Program Files\Java\jdk1.7.0_09\jre\bin\net.dll
0x757f0000 - 0x7582c000 	C:\Windows\system32\mswsock.dll
0x757e0000 - 0x757e6000 	C:\Windows\System32\wship6.dll
0x5f6c0000 - 0x5f6cf000 	C:\Program Files\Java\jdk1.7.0_09\jre\bin\nio.dll
0x5c8b0000 - 0x5c8e1000 	C:\Program Files\Java\jdk1.7.0_09\jre\bin\t2k.dll
0x77df0000 - 0x77e73000 	C:\Windows\system32\CLBCatQ.DLL
0x5c880000 - 0x5c8a4000 	C:\Program Files\Java\jdk1.7.0_09\jre\bin\dcpr.dll
0x6e420000 - 0x6e51b000 	C:\Windows\system32\WindowsCodecs.dll
0x6ded0000 - 0x6df01000 	C:\Windows\system32\EhStorShell.dll
0x76c90000 - 0x76e2d000 	C:\Windows\system32\SETUPAPI.dll
0x760c0000 - 0x760e7000 	C:\Windows\system32\CFGMGR32.dll
0x760f0000 - 0x76102000 	C:\Windows\system32\DEVOBJ.dll
0x748b0000 - 0x749a5000 	C:\Windows\system32\PROPSYS.dll
0x6a1c0000 - 0x6a5c6000 	C:\PROGRA~1\MICROS~1\Office14\GROOVEEX.DLL
0x72b30000 - 0x72bd3000 	C:\Windows\WinSxS\x86_microsoft.vc90.crt_1fc8b3b9a1e18e3b_9.0.30729.6161_none_50934f2ebcb7eb57\MSVCR90.dll
0x72be0000 - 0x72c6e000 	C:\Windows\WinSxS\x86_microsoft.vc90.crt_1fc8b3b9a1e18e3b_9.0.30729.6161_none_50934f2ebcb7eb57\MSVCP90.dll
0x6d230000 - 0x6d25b000 	C:\Windows\WinSxS\x86_microsoft.vc90.atl_1fc8b3b9a1e18e3b_9.0.30729.6161_none_51cd0a7abbe4e19b\ATL90.DLL
0x6d640000 - 0x6da5a000 	C:\PROGRA~1\COMMON~1\MICROS~1\OFFICE14\Cultures\office.odf
0x66e30000 - 0x67695000 	C:\PROGRA~1\MICROS~1\Office14\1033\GrooveIntlResource.dll
0x6dd40000 - 0x6ddaa000 	C:\Windows\System32\cscui.dll
0x6e250000 - 0x6e259000 	C:\Windows\System32\CSCDLL.dll
0x72a70000 - 0x72a7b000 	C:\Windows\system32\CSCAPI.dll
0x6d5d0000 - 0x6d640000 	C:\Windows\system32\ntshrui.dll
0x75930000 - 0x75949000 	C:\Windows\system32\srvcli.dll
0x73870000 - 0x7387a000 	C:\Windows\system32\slc.dll
0x72770000 - 0x7285b000 	C:\Windows\system32\dbghelp.dll

VM Arguments:
jvm_args: -Xdebug -Xrunjdwp:transport=dt_shmem,address=javadebug -Dfile.encoding=UTF-8 
java_command: com.interfase.Pricipal
Launcher Type: SUN_STANDARD

Environment Variables:
PATH=C:\Windows\system32;C:\Windows;C:\Windows\System32\Wbem;C:\Windows\System32\WindowsPowerShell\v1.0\;C:\Program Files\Symantec\pcAnywhere\;C:\Program Files\Microsoft SQL Server\100\Tools\Binn\;C:\Program Files\Microsoft SQL Server\100\DTS\Binn\;C:\Windows\System32\WindowsPowerShell\v1.0\
USERNAME=tutor
OS=Windows_NT
PROCESSOR_IDENTIFIER=x86 Family 6 Model 42 Stepping 7, GenuineIntel



---------------  S Y S T E M  ---------------

OS: Windows 7 Build 7601 Service Pack 1

CPU:total 4 (4 cores per cpu, 1 threads per core) family 6 model 42 stepping 7, cmov, cx8, fxsr, mmx, sse, sse2, sse3, ssse3, sse4.1, sse4.2, popcnt, avx, tsc, tscinvbit

Memory: 4k page, physical 1997224k(648284k free), swap 3994448k(2005712k free)

vm_info: Java HotSpot(TM) Client VM (23.5-b02) for windows-x86 JRE (1.7.0_09-b05), built on Sep 24 2012 22:01:33 by "java_re" with unknown MS VC++:1600

time: Mon Feb 18 17:19:10 2013
elapsed time: 61 seconds

